This file contains any messages produced by compilers while
running configure, to aid debugging if configure makes a mistake.

It was created by redcub configure 1.0, which was
generated by GNU Autoconf 2.61.  Invocation command line was

  $ ./configure 

## --------- ##
## Platform. ##
## --------- ##

hostname = ceres
uname -m = i686
uname -r = 2.6.26-2-686
uname -s = Linux
uname -v = #1 SMP Mon May 11 19:00:59 UTC 2009

/usr/bin/uname -p = unknown
/bin/uname -X     = unknown

/bin/arch              = unknown
/usr/bin/arch -k       = unknown
/usr/convex/getsysinfo = unknown
/usr/bin/hostinfo      = unknown
/bin/machine           = unknown
/usr/bin/oslevel       = unknown
/bin/universe          = unknown

PATH: /usr/local/bin
PATH: /usr/bin
PATH: /bin
PATH: /usr/games
PATH: /var/lib/gems/1.8/bin


## ----------- ##
## Core tests. ##
## ----------- ##

configure:1709: checking for a BSD-compatible install
configure:1765: result: /usr/bin/install -c
configure:1776: checking whether build environment is sane
configure:1819: result: yes
configure:1847: checking for a thread-safe mkdir -p
configure:1886: result: /bin/mkdir -p
configure:1899: checking for gawk
configure:1929: result: no
configure:1899: checking for mawk
configure:1915: found /usr/bin/mawk
configure:1926: result: mawk
configure:1937: checking whether make sets $(MAKE)
configure:1958: result: yes
configure:2150: checking whether make sets $(MAKE)
configure:2171: result: yes
configure:2193: checking for a BSD-compatible install
configure:2249: result: /usr/bin/install -c
configure:2273: checking for ruby
configure:2291: found /usr/local/bin/ruby
configure:2304: result: /usr/local/bin/ruby
configure:2322: checking for Ruby version >= 1.8.2
configure:2325: result: yes
configure:2505: creating ./config.status

## ---------------------- ##
## Running config.status. ##
## ---------------------- ##

This file was extended by redcub config.status 1.0, which was
generated by GNU Autoconf 2.61.  Invocation command line was

  CONFIG_FILES    = 
  CONFIG_HEADERS  = 
  CONFIG_LINKS    = 
  CONFIG_COMMANDS = 
  $ ./config.status 

on ceres

config.status:602: creating Makefile
config.status:602: creating lib/Makefile
config.status:602: creating lib/redcub/Makefile
config.status:602: creating lib/redcub/model/Makefile
config.status:602: creating scripts/Makefile

## ---------------- ##
## Cache variables. ##
## ---------------- ##

ac_cv_env_build_alias_set=
ac_cv_env_build_alias_value=
ac_cv_env_host_alias_set=
ac_cv_env_host_alias_value=
ac_cv_env_target_alias_set=
ac_cv_env_target_alias_value=
ac_cv_path_RUBY=/usr/local/bin/ruby
ac_cv_path_install='/usr/bin/install -c'
ac_cv_path_mkdir=/bin/mkdir
ac_cv_prog_AWK=mawk
ac_cv_prog_make_make_set=yes

## ----------------- ##
## Output variables. ##
## ----------------- ##

ACLOCAL='${SHELL} /home/shin/src/redcub/redcub-server/missing --run aclocal-1.10'
AMTAR='${SHELL} /home/shin/src/redcub/redcub-server/missing --run tar'
AUTOCONF='${SHELL} /home/shin/src/redcub/redcub-server/missing --run autoconf'
AUTOHEADER='${SHELL} /home/shin/src/redcub/redcub-server/missing --run autoheader'
AUTOMAKE='${SHELL} /home/shin/src/redcub/redcub-server/missing --run automake-1.10'
AWK='mawk'
CYGPATH_W='echo'
DEFS='-DPACKAGE_NAME=\"redcub\" -DPACKAGE_TARNAME=\"redcub\" -DPACKAGE_VERSION=\"1.0\" -DPACKAGE_STRING=\"redcub\ 1.0\" -DPACKAGE_BUGREPORT=\"hiroe.orz@gmail.com\" -DPACKAGE=\"redcub\" -DVERSION=\"1.0.0\"'
ECHO_C=''
ECHO_N='-n'
ECHO_T=''
INSTALL_DATA='${INSTALL} -m 644'
INSTALL_PROGRAM='${INSTALL}'
INSTALL_SCRIPT='${INSTALL}'
INSTALL_STRIP_PROGRAM='$(install_sh) -c -s'
LIBOBJS=''
LIBS=''
LTLIBOBJS=''
MAKEINFO='${SHELL} /home/shin/src/redcub/redcub-server/missing --run makeinfo'
PACKAGE='redcub'
PACKAGE_BUGREPORT='hiroe.orz@gmail.com'
PACKAGE_NAME='redcub'
PACKAGE_STRING='redcub 1.0'
PACKAGE_TARNAME='redcub'
PACKAGE_VERSION='1.0'
PATH_SEPARATOR=':'
RUBY='/usr/local/bin/ruby'
RUBY_CFLAGS='-g -O2   -I/usr/local/lib/ruby/1.8/i686-linux'
RUBY_EXT_LIBS=''
RUBY_LIBS='/usr/local/lib/ruby/1.8/i686-linux/-lruby-static -ldl -lcrypt -lm '
RUBY_SHARED='no'
RUBY_VERSION='1.8.7'
SET_MAKE=''
SHELL='/bin/sh'
STRIP=''
VERSION='1.0.0'
am__isrc=''
am__leading_dot='.'
am__tar='${AMTAR} chof - "$$tardir"'
am__untar='${AMTAR} xf -'
bindir='${exec_prefix}/bin'
build_alias=''
datadir='${datarootdir}'
datarootdir='${prefix}/share'
docdir='${datarootdir}/doc/${PACKAGE_TARNAME}'
dvidir='${docdir}'
exec_prefix='${prefix}'
host_alias=''
htmldir='${docdir}'
includedir='${prefix}/include'
infodir='${datarootdir}/info'
install_sh='$(SHELL) /home/shin/src/redcub/redcub-server/install-sh'
libdir='${exec_prefix}/lib'
libexecdir='${exec_prefix}/libexec'
localedir='${datarootdir}/locale'
localstatedir='${prefix}/var'
mandir='${datarootdir}/man'
mkdir_p='/bin/mkdir -p'
oldincludedir='/usr/include'
pdfdir='${docdir}'
prefix='/usr/local/'
program_transform_name='s,x,x,'
psdir='${docdir}'
rubyarchdir='/usr/local/lib/ruby/1.8/i686-linux'
rubylibdir='/usr/local/lib/ruby/1.8'
rubysitearchdir='/usr/local/lib/ruby/site_ruby/1.8/i686-linux'
rubysitelibdir='/usr/local/lib/ruby/site_ruby/1.8'
sbindir='${exec_prefix}/sbin'
sharedstatedir='${prefix}/com'
sysconfdir='${prefix}/etc'
target_alias=''

## ----------- ##
## confdefs.h. ##
## ----------- ##

#define PACKAGE_NAME "redcub"
#define PACKAGE_TARNAME "redcub"
#define PACKAGE_VERSION "1.0"
#define PACKAGE_STRING "redcub 1.0"
#define PACKAGE_BUGREPORT "hiroe.orz@gmail.com"
#define PACKAGE "redcub"
#define VERSION "1.0.0"

configure: exit 0
